{"D:\\dev_tcl\\restapi\\src\\utils\\uuid.js": {"path":"D:\\dev_tcl\\restapi\\src\\utils\\uuid.js","statementMap":{"0":{"start":{"line":3,"column":13},"end":{"line":8,"column":1}},"1":{"start":{"line":4,"column":19},"end":{"line":4,"column":37}},"2":{"start":{"line":7,"column":4},"end":{"line":7,"column":68}}},"fnMap":{"0":{"name":"(anonymous_0)","decl":{"start":{"line":3,"column":13},"end":{"line":3,"column":14}},"loc":{"start":{"line":3,"column":19},"end":{"line":8,"column":1}},"line":3}},"branchMap":{},"s":{"0":1,"1":1,"2":1},"f":{"0":1},"b":{},"_coverageSchema":"43e27e138ebf9cfc5966b082cf9a028302ed4184","hash":"c66264bbc4a6527935816fc3197806795f7249d6"}
}
