{"D:\\dev_tcl\\restapi\\src\\app.js": {"path":"D:\\dev_tcl\\restapi\\src\\app.js","statementMap":{"0":{"start":{"line":49,"column":0},"end":{"line":49,"column":26}},"1":{"start":{"line":58,"column":12},"end":{"line":58,"column":21}},"2":{"start":{"line":60,"column":0},"end":{"line":60,"column":22}},"3":{"start":{"line":61,"column":0},"end":{"line":61,"column":23}},"4":{"start":{"line":62,"column":0},"end":{"line":62,"column":48}},"5":{"start":{"line":63,"column":0},"end":{"line":63,"column":23}},"6":{"start":{"line":64,"column":0},"end":{"line":64,"column":23}},"7":{"start":{"line":67,"column":0},"end":{"line":69,"column":2}},"8":{"start":{"line":68,"column":2},"end":{"line":68,"column":24}},"9":{"start":{"line":72,"column":0},"end":{"line":86,"column":2}},"10":{"start":{"line":74,"column":17},"end":{"line":74,"column":20}},"11":{"start":{"line":76,"column":2},"end":{"line":78,"column":3}},"12":{"start":{"line":77,"column":4},"end":{"line":77,"column":31}},"13":{"start":{"line":81,"column":2},"end":{"line":81,"column":34}},"14":{"start":{"line":82,"column":2},"end":{"line":82,"column":70}},"15":{"start":{"line":85,"column":2},"end":{"line":85,"column":61}},"16":{"start":{"line":89,"column":0},"end":{"line":89,"column":20}}},"fnMap":{"0":{"name":"(anonymous_0)","decl":{"start":{"line":67,"column":8},"end":{"line":67,"column":9}},"loc":{"start":{"line":67,"column":28},"end":{"line":69,"column":1}},"line":67},"1":{"name":"(anonymous_1)","decl":{"start":{"line":72,"column":8},"end":{"line":72,"column":9}},"loc":{"start":{"line":72,"column":33},"end":{"line":86,"column":1}},"line":72}},"branchMap":{"0":{"loc":{"start":{"line":76,"column":2},"end":{"line":78,"column":3}},"type":"if","locations":[{"start":{"line":76,"column":2},"end":{"line":78,"column":3}},{"start":{"line":76,"column":2},"end":{"line":78,"column":3}}],"line":76},"1":{"loc":{"start":{"line":82,"column":21},"end":{"line":82,"column":70}},"type":"cond-expr","locations":[{"start":{"line":82,"column":62},"end":{"line":82,"column":65}},{"start":{"line":82,"column":68},"end":{"line":82,"column":70}}],"line":82},"2":{"loc":{"start":{"line":85,"column":20},"end":{"line":85,"column":37}},"type":"binary-expr","locations":[{"start":{"line":85,"column":20},"end":{"line":85,"column":30}},{"start":{"line":85,"column":34},"end":{"line":85,"column":37}}],"line":85}},"s":{"0":1,"1":1,"2":1,"3":1,"4":1,"5":1,"6":1,"7":1,"8":0,"9":1,"10":1,"11":1,"12":0,"13":1,"14":1,"15":1,"16":1},"f":{"0":0,"1":1},"b":{"0":[0,1],"1":[1,0],"2":[1,0]},"_coverageSchema":"43e27e138ebf9cfc5966b082cf9a028302ed4184","hash":"ace0b06ca3e7e8819a08d4d6bb92cae3ac71890b"}
,"D:\\dev_tcl\\restapi\\src\\configs\\sequelize.js": {"path":"D:\\dev_tcl\\restapi\\src\\configs\\sequelize.js","statementMap":{"0":{"start":{"line":1,"column":0},"end":{"line":1,"column":26}},"1":{"start":{"line":3,"column":0},"end":{"line":5,"column":1}},"2":{"start":{"line":4,"column":4},"end":{"line":4,"column":30}},"3":{"start":{"line":7,"column":22},"end":{"line":25,"column":1}},"4":{"start":{"line":27,"column":0},"end":{"line":42,"column":1}}},"fnMap":{},"branchMap":{"0":{"loc":{"start":{"line":3,"column":0},"end":{"line":5,"column":1}},"type":"if","locations":[{"start":{"line":3,"column":0},"end":{"line":5,"column":1}},{"start":{"line":3,"column":0},"end":{"line":5,"column":1}}],"line":3}},"s":{"0":2,"1":2,"2":2,"3":2,"4":2},"f":{},"b":{"0":[2,0]},"_coverageSchema":"43e27e138ebf9cfc5966b082cf9a028302ed4184","hash":"4a7f2207a08da37792e0965e9d1461ad4f36cac5"}
,"D:\\dev_tcl\\restapi\\src\\controllers\\v1\\user.controller.js": {"path":"D:\\dev_tcl\\restapi\\src\\controllers\\v1\\user.controller.js","statementMap":{"0":{"start":{"line":8,"column":12},"end":{"line":35,"column":1}},"1":{"start":{"line":9,"column":2},"end":{"line":34,"column":3}},"2":{"start":{"line":11,"column":4},"end":{"line":30,"column":5}},"3":{"start":{"line":12,"column":19},"end":{"line":16,"column":8}},"4":{"start":{"line":18,"column":6},"end":{"line":20,"column":7}},"5":{"start":{"line":19,"column":8},"end":{"line":19,"column":67}},"6":{"start":{"line":22,"column":6},"end":{"line":24,"column":19}},"7":{"start":{"line":27,"column":20},"end":{"line":27,"column":47}},"8":{"start":{"line":29,"column":6},"end":{"line":29,"column":28}},"9":{"start":{"line":33,"column":4},"end":{"line":33,"column":11}}},"fnMap":{"0":{"name":"(anonymous_0)","decl":{"start":{"line":8,"column":12},"end":{"line":8,"column":13}},"loc":{"start":{"line":8,"column":38},"end":{"line":35,"column":1}},"line":8}},"branchMap":{"0":{"loc":{"start":{"line":11,"column":4},"end":{"line":30,"column":5}},"type":"if","locations":[{"start":{"line":11,"column":4},"end":{"line":30,"column":5}},{"start":{"line":11,"column":4},"end":{"line":30,"column":5}}],"line":11},"1":{"loc":{"start":{"line":18,"column":6},"end":{"line":20,"column":7}},"type":"if","locations":[{"start":{"line":18,"column":6},"end":{"line":20,"column":7}},{"start":{"line":18,"column":6},"end":{"line":20,"column":7}}],"line":18}},"s":{"0":1,"1":3,"2":3,"3":2,"4":2,"5":1,"6":1,"7":1,"8":1,"9":1},"f":{"0":3},"b":{"0":[2,1],"1":[1,1]},"_coverageSchema":"43e27e138ebf9cfc5966b082cf9a028302ed4184","hash":"380475de6e9dc87e7a94c5c29a0c4d9501cd1b50"}
,"D:\\dev_tcl\\restapi\\src\\models\\index.js": {"path":"D:\\dev_tcl\\restapi\\src\\models\\index.js","statementMap":{"0":{"start":{"line":4,"column":18},"end":{"line":4,"column":38}},"1":{"start":{"line":5,"column":15},"end":{"line":5,"column":84}},"2":{"start":{"line":6,"column":17},"end":{"line":6,"column":42}},"3":{"start":{"line":8,"column":15},"end":{"line":8,"column":17}},"4":{"start":{"line":11,"column":0},"end":{"line":15,"column":1}},"5":{"start":{"line":12,"column":2},"end":{"line":12,"column":73}},"6":{"start":{"line":14,"column":2},"end":{"line":14,"column":86}},"7":{"start":{"line":17,"column":0},"end":{"line":22,"column":4}},"8":{"start":{"line":18,"column":18},"end":{"line":18,"column":102}},"9":{"start":{"line":20,"column":18},"end":{"line":20,"column":65}},"10":{"start":{"line":21,"column":4},"end":{"line":21,"column":30}},"11":{"start":{"line":24,"column":0},"end":{"line":28,"column":2}},"12":{"start":{"line":25,"column":2},"end":{"line":27,"column":3}},"13":{"start":{"line":26,"column":4},"end":{"line":26,"column":39}},"14":{"start":{"line":30,"column":0},"end":{"line":30,"column":28}},"15":{"start":{"line":31,"column":0},"end":{"line":31,"column":28}}},"fnMap":{"0":{"name":"(anonymous_0)","decl":{"start":{"line":18,"column":10},"end":{"line":18,"column":11}},"loc":{"start":{"line":18,"column":18},"end":{"line":18,"column":102}},"line":18},"1":{"name":"(anonymous_1)","decl":{"start":{"line":19,"column":11},"end":{"line":19,"column":12}},"loc":{"start":{"line":19,"column":19},"end":{"line":22,"column":3}},"line":19},"2":{"name":"(anonymous_2)","decl":{"start":{"line":24,"column":28},"end":{"line":24,"column":29}},"loc":{"start":{"line":24,"column":41},"end":{"line":28,"column":1}},"line":24}},"branchMap":{"0":{"loc":{"start":{"line":11,"column":0},"end":{"line":15,"column":1}},"type":"if","locations":[{"start":{"line":11,"column":0},"end":{"line":15,"column":1}},{"start":{"line":11,"column":0},"end":{"line":15,"column":1}}],"line":11},"1":{"loc":{"start":{"line":18,"column":18},"end":{"line":18,"column":102}},"type":"binary-expr","locations":[{"start":{"line":18,"column":19},"end":{"line":18,"column":42}},{"start":{"line":18,"column":48},"end":{"line":18,"column":65}},{"start":{"line":18,"column":71},"end":{"line":18,"column":101}}],"line":18},"2":{"loc":{"start":{"line":25,"column":2},"end":{"line":27,"column":3}},"type":"if","locations":[{"start":{"line":25,"column":2},"end":{"line":27,"column":3}},{"start":{"line":25,"column":2},"end":{"line":27,"column":3}}],"line":25}},"s":{"0":2,"1":2,"2":2,"3":2,"4":2,"5":0,"6":2,"7":2,"8":4,"9":2,"10":2,"11":2,"12":2,"13":2,"14":2,"15":2},"f":{"0":4,"1":2,"2":2},"b":{"0":[0,2],"1":[4,4,2],"2":[2,0]},"_coverageSchema":"43e27e138ebf9cfc5966b082cf9a028302ed4184","hash":"5f3073c7346d166f4b5956c66320e5dda7f367b0"}
,"D:\\dev_tcl\\restapi\\src\\models\\user.model.js": {"path":"D:\\dev_tcl\\restapi\\src\\models\\user.model.js","statementMap":{"0":{"start":{"line":7,"column":0},"end":{"line":43,"column":1}},"1":{"start":{"line":8,"column":15},"end":{"line":34,"column":4}},"2":{"start":{"line":13,"column":26},"end":{"line":13,"column":47}},"3":{"start":{"line":15,"column":8},"end":{"line":15,"column":69}},"4":{"start":{"line":36,"column":2},"end":{"line":38,"column":3}},"5":{"start":{"line":42,"column":2},"end":{"line":42,"column":13}}},"fnMap":{"0":{"name":"(anonymous_0)","decl":{"start":{"line":7,"column":17},"end":{"line":7,"column":18}},"loc":{"start":{"line":7,"column":43},"end":{"line":43,"column":1}},"line":7},"1":{"name":"(anonymous_1)","decl":{"start":{"line":13,"column":20},"end":{"line":13,"column":21}},"loc":{"start":{"line":13,"column":26},"end":{"line":13,"column":47}},"line":13},"2":{"name":"(anonymous_2)","decl":{"start":{"line":14,"column":11},"end":{"line":14,"column":12}},"loc":{"start":{"line":14,"column":23},"end":{"line":16,"column":7}},"line":14},"3":{"name":"(anonymous_3)","decl":{"start":{"line":36,"column":19},"end":{"line":36,"column":20}},"loc":{"start":{"line":36,"column":37},"end":{"line":38,"column":3}},"line":36}},"branchMap":{},"s":{"0":2,"1":2,"2":3,"3":6,"4":2,"5":2},"f":{"0":2,"1":3,"2":6,"3":2},"b":{},"_coverageSchema":"43e27e138ebf9cfc5966b082cf9a028302ed4184","hash":"fad6e8826812774d4fc89a7c7ad868603c3a653b"}
,"D:\\dev_tcl\\restapi\\src\\routes\\v1\\index.js": {"path":"D:\\dev_tcl\\restapi\\src\\routes\\v1\\index.js","statementMap":{"0":{"start":{"line":5,"column":15},"end":{"line":5,"column":31}},"1":{"start":{"line":6,"column":16},"end":{"line":6,"column":41}},"2":{"start":{"line":8,"column":0},"end":{"line":10,"column":101}},"3":{"start":{"line":9,"column":18},"end":{"line":9,"column":101}},"4":{"start":{"line":10,"column":24},"end":{"line":10,"column":100}}},"fnMap":{"0":{"name":"(anonymous_0)","decl":{"start":{"line":9,"column":10},"end":{"line":9,"column":11}},"loc":{"start":{"line":9,"column":18},"end":{"line":9,"column":101}},"line":9},"1":{"name":"(anonymous_1)","decl":{"start":{"line":10,"column":11},"end":{"line":10,"column":12}},"loc":{"start":{"line":10,"column":24},"end":{"line":10,"column":100}},"line":10}},"branchMap":{"0":{"loc":{"start":{"line":9,"column":18},"end":{"line":9,"column":101}},"type":"binary-expr","locations":[{"start":{"line":9,"column":19},"end":{"line":9,"column":42}},{"start":{"line":9,"column":48},"end":{"line":9,"column":64}},{"start":{"line":9,"column":70},"end":{"line":9,"column":100}}],"line":9}},"s":{"0":1,"1":1,"2":1,"3":2,"4":1},"f":{"0":2,"1":1},"b":{"0":[2,2,1]},"_coverageSchema":"43e27e138ebf9cfc5966b082cf9a028302ed4184","hash":"4345dd7c0d2e47b04f67720eb906397c022c1bcc"}
,"D:\\dev_tcl\\restapi\\src\\routes\\v1\\users.route.js": {"path":"D:\\dev_tcl\\restapi\\src\\routes\\v1\\users.route.js","statementMap":{"0":{"start":{"line":4,"column":15},"end":{"line":4,"column":31}},"1":{"start":{"line":6,"column":0},"end":{"line":9,"column":3}}},"fnMap":{},"branchMap":{},"s":{"0":1,"1":1},"f":{},"b":{},"_coverageSchema":"43e27e138ebf9cfc5966b082cf9a028302ed4184","hash":"e4c2a84cf1f842eed4dee8a2a6bce68eda76f48b"}
,"D:\\dev_tcl\\restapi\\src\\utils\\uuid.js": {"path":"D:\\dev_tcl\\restapi\\src\\utils\\uuid.js","statementMap":{"0":{"start":{"line":3,"column":13},"end":{"line":8,"column":1}},"1":{"start":{"line":4,"column":19},"end":{"line":4,"column":37}},"2":{"start":{"line":7,"column":4},"end":{"line":7,"column":68}}},"fnMap":{"0":{"name":"(anonymous_0)","decl":{"start":{"line":3,"column":13},"end":{"line":3,"column":14}},"loc":{"start":{"line":3,"column":19},"end":{"line":8,"column":1}},"line":3}},"branchMap":{},"s":{"0":2,"1":5,"2":5},"f":{"0":5},"b":{},"_coverageSchema":"43e27e138ebf9cfc5966b082cf9a028302ed4184","hash":"c66264bbc4a6527935816fc3197806795f7249d6"}
}
