TN:
SF:D:\dev_tcl\restapi\src\app.js
FN:67,(anonymous_0)
FN:72,(anonymous_1)
FNF:2
FNH:1
FNDA:0,(anonymous_0)
FNDA:1,(anonymous_1)
DA:49,1
DA:58,1
DA:60,1
DA:61,1
DA:62,1
DA:63,1
DA:64,1
DA:67,1
DA:68,0
DA:72,1
DA:74,1
DA:76,1
DA:77,0
DA:81,1
DA:82,1
DA:85,1
DA:89,1
LF:17
LH:15
BRDA:76,0,0,0
BRDA:76,0,1,1
BRDA:82,1,0,1
BRDA:82,1,1,0
BRDA:85,2,0,1
BRDA:85,2,1,0
BRF:6
BRH:3
end_of_record
TN:
SF:D:\dev_tcl\restapi\src\configs\sequelize.js
FNF:0
FNH:0
DA:1,2
DA:3,2
DA:4,2
DA:7,2
DA:27,2
LF:5
LH:5
BRDA:3,0,0,2
BRDA:3,0,1,0
BRF:2
BRH:1
end_of_record
TN:
SF:D:\dev_tcl\restapi\src\controllers\v1\user.controller.js
FN:8,(anonymous_0)
FNF:1
FNH:1
FNDA:3,(anonymous_0)
DA:8,1
DA:9,3
DA:11,3
DA:12,2
DA:18,2
DA:19,1
DA:22,1
DA:27,1
DA:29,1
DA:33,1
LF:10
LH:10
BRDA:11,0,0,2
BRDA:11,0,1,1
BRDA:18,1,0,1
BRDA:18,1,1,1
BRF:4
BRH:4
end_of_record
TN:
SF:D:\dev_tcl\restapi\src\models\index.js
FN:18,(anonymous_0)
FN:19,(anonymous_1)
FN:24,(anonymous_2)
FNF:3
FNH:3
FNDA:4,(anonymous_0)
FNDA:2,(anonymous_1)
FNDA:2,(anonymous_2)
DA:4,2
DA:5,2
DA:6,2
DA:8,2
DA:11,2
DA:12,0
DA:14,2
DA:17,2
DA:18,4
DA:20,2
DA:21,2
DA:24,2
DA:25,2
DA:26,2
DA:30,2
DA:31,2
LF:16
LH:15
BRDA:11,0,0,0
BRDA:11,0,1,2
BRDA:18,1,0,4
BRDA:18,1,1,4
BRDA:18,1,2,2
BRDA:25,2,0,2
BRDA:25,2,1,0
BRF:7
BRH:5
end_of_record
TN:
SF:D:\dev_tcl\restapi\src\models\user.model.js
FN:7,(anonymous_0)
FN:13,(anonymous_1)
FN:14,(anonymous_2)
FN:36,(anonymous_3)
FNF:4
FNH:4
FNDA:2,(anonymous_0)
FNDA:3,(anonymous_1)
FNDA:6,(anonymous_2)
FNDA:2,(anonymous_3)
DA:7,2
DA:8,2
DA:13,3
DA:15,6
DA:36,2
DA:42,2
LF:6
LH:6
BRF:0
BRH:0
end_of_record
TN:
SF:D:\dev_tcl\restapi\src\routes\v1\index.js
FN:9,(anonymous_0)
FN:10,(anonymous_1)
FNF:2
FNH:2
FNDA:2,(anonymous_0)
FNDA:1,(anonymous_1)
DA:5,1
DA:6,1
DA:8,1
DA:9,2
DA:10,1
LF:5
LH:5
BRDA:9,0,0,2
BRDA:9,0,1,2
BRDA:9,0,2,1
BRF:3
BRH:3
end_of_record
TN:
SF:D:\dev_tcl\restapi\src\routes\v1\users.route.js
FNF:0
FNH:0
DA:4,1
DA:6,1
LF:2
LH:2
BRF:0
BRH:0
end_of_record
TN:
SF:D:\dev_tcl\restapi\src\utils\uuid.js
FN:3,(anonymous_0)
FNF:1
FNH:1
FNDA:5,(anonymous_0)
DA:3,2
DA:4,5
DA:7,5
LF:3
LH:3
BRF:0
BRH:0
end_of_record
